<?xml version="1.0" encoding="UTF-8" ?>
<testsuite tests="1" failures="0" name="com.slf.wx.test.TestXml" time="0.131" errors="1" skipped="0">
  <properties>
[...]
</properties>
  <testcase classname="com.slf.wx.test.TestXml" name="testFromXml" time="0.131">
    <error message=" : The element type &quot;return_-code&quot; must be terminated by the matching end-tag &quot;&lt;/return_-code&gt;&quot;." type="com.thoughtworks.xstream.io.StreamException">com.thoughtworks.xstream.io.StreamException:  : The element type &quot;return_-code&quot; must be terminated by the matching end-tag &quot;&lt;/return_-code&gt;&quot;.
	at com.thoughtworks.xstream.io.xml.DomDriver.createReader(DomDriver.java:105)
	at com.thoughtworks.xstream.io.xml.DomDriver.createReader(DomDriver.java:77)
	at com.thoughtworks.xstream.XStream.fromXML(XStream.java:1040)
	at com.thoughtworks.xstream.XStream.fromXML(XStream.java:1031)
	at com.slf.wx.test.TestXml.testFromXml(TestXml.java:161)
	at sun.reflect.NativeMethodAccessorImpl.invoke0(Native Method)
	at sun.reflect.NativeMethodAccessorImpl.invoke(Unknown Source)
	at sun.reflect.DelegatingMethodAccessorImpl.invoke(Unknown Source)
	at java.lang.reflect.Method.invoke(Unknown Source)
	at org.junit.runners.model.FrameworkMethod$1.runReflectiveCall(FrameworkMethod.java:47)
	at org.junit.internal.runners.model.ReflectiveCallable.run(ReflectiveCallable.java:12)
	at org.junit.runners.model.FrameworkMethod.invokeExplosively(FrameworkMethod.java:44)
	at org.junit.internal.runners.statements.InvokeMethod.evaluate(InvokeMethod.java:17)
	at org.junit.runners.ParentRunner.runLeaf(ParentRunner.java:271)
	at org.junit.runners.BlockJUnit4ClassRunner.runChild(BlockJUnit4ClassRunner.java:70)
	at org.junit.runners.BlockJUnit4ClassRunner.runChild(BlockJUnit4ClassRunner.java:50)
	at org.junit.runners.ParentRunner$3.run(ParentRunner.java:238)
	at org.junit.runners.ParentRunner$1.schedule(ParentRunner.java:63)
	at org.junit.runners.ParentRunner.runChildren(ParentRunner.java:236)
	at org.junit.runners.ParentRunner.access$000(ParentRunner.java:53)
	at org.junit.runners.ParentRunner$2.evaluate(ParentRunner.java:229)
	at org.junit.runners.ParentRunner.run(ParentRunner.java:309)
	at org.apache.maven.surefire.junit4.JUnit4Provider.execute(JUnit4Provider.java:252)
	at org.apache.maven.surefire.junit4.JUnit4Provider.executeTestSet(JUnit4Provider.java:141)
	at org.apache.maven.surefire.junit4.JUnit4Provider.invoke(JUnit4Provider.java:112)
	at sun.reflect.NativeMethodAccessorImpl.invoke0(Native Method)
	at sun.reflect.NativeMethodAccessorImpl.invoke(Unknown Source)
	at sun.reflect.DelegatingMethodAccessorImpl.invoke(Unknown Source)
	at java.lang.reflect.Method.invoke(Unknown Source)
	at org.apache.maven.surefire.util.ReflectionUtils.invokeMethodWithArray(ReflectionUtils.java:189)
	at org.apache.maven.surefire.booter.ProviderFactory$ProviderProxy.invoke(ProviderFactory.java:165)
	at org.apache.maven.surefire.booter.ProviderFactory.invokeProvider(ProviderFactory.java:85)
	at org.apache.maven.surefire.booter.ForkedBooter.runSuitesInProcess(ForkedBooter.java:115)
	at org.apache.maven.surefire.booter.ForkedBooter.main(ForkedBooter.java:75)
Caused by: org.xml.sax.SAXParseException; lineNumber: 1; columnNumber: 41; The element type &quot;return_-code&quot; must be terminated by the matching end-tag &quot;&lt;/return_-code&gt;&quot;.
	at com.sun.org.apache.xerces.internal.parsers.DOMParser.parse(Unknown Source)
	at com.sun.org.apache.xerces.internal.jaxp.DocumentBuilderImpl.parse(Unknown Source)
	at com.thoughtworks.xstream.io.xml.DomDriver.createReader(DomDriver.java:98)
	... 33 more
</error>
    <system-err>[Fatal Error] :1:41: The element type &quot;return_-code&quot; must be terminated by the matching end-tag &quot;&lt;/return_-code&gt;&quot;.
</system-err>
  </testcase>
</testsuite>